2024-10-03 20:13:48 - werkzeugdownloader wird gestartet..

2024-10-03 20:13:48 - Datei: C:\downloader\source\X200\Tooling.atrx - Benutzer: windows-27o8e3r\philip

2024-10-03 20:13:48 - Datei: C:\downloader\source\M200\atrxM200.atrx - Benutzer: windows-27o8e3r\philip

2024-10-03 20:13:48 - Datei: C:\downloader\source\M200\defM200.tlgx - Benutzer: windows-27o8e3r\philip

2024-10-03 20:13:48 - Datei: C:\downloader\source\X200\ST.tlgx - Benutzer: windows-27o8e3r\philip

2024-10-03 20:14:10 - werkzeugdownloader wird gestartet..

2024-10-03 20:15:14 - Datei: C:\downloader\source\X200\Tooling.atrx - Benutzer: windows-27o8e3r\philip

2024-10-03 20:15:14 - Datei: C:\downloader\source\M200\atrxM200.atrx - Benutzer: windows-27o8e3r\philip

2024-10-03 20:15:14 - Datei: C:\downloader\source\M200\defM200.tlgx - Benutzer: windows-27o8e3r\philip

2024-10-03 20:15:25 - Datei: C:\downloader\source\X200\ST.tlgx - Benutzer: windows-27o8e3r\philip

2024-10-03 20:15:39 - werkzeugdownloader wird gestartet..

2024-10-03 20:15:53 - Datei: C:\downloader\source\X200\Tooling.atrx - Benutzer: windows-27o8e3r\philip

2024-10-03 20:15:54 - Datei: C:\downloader\source\M200\atrxM200.atrx - Benutzer: windows-27o8e3r\philip

2024-10-03 20:15:54 - Datei: C:\downloader\source\M200\defM200.tlgx - Benutzer: windows-27o8e3r\philip

2024-10-03 20:17:09 - werkzeugdownloader wird gestartet..

2024-10-03 20:17:25 - werkzeugdownloader wird gestartet..

2024-10-03 20:17:25 - Datei: C:\downloader\source\X200\Tooling.atrx - Benutzer: windows-27o8e3r\philip

2024-10-03 20:17:25 - Datei: C:\downloader\source\M200\atrxM200.atrx - Benutzer: windows-27o8e3r\philip

2024-10-03 20:17:25 - Datei: C:\downloader\source\M200\defM200.tlgx - Benutzer: windows-27o8e3r\philip

2024-10-03 20:17:25 - Datei: C:\downloader\source\X200\ST.tlgx - Benutzer: windows-27o8e3r\philip

2024-10-03 20:17:27 - werkzeugdownloader wird gestartet..

2024-10-03 20:17:29 - werkzeugdownloader wird gestartet..

2024-10-03 20:18:01 - werkzeugdownloader wird gestartet..

2024-10-03 20:18:02 - Datei: C:\downloader\source\M200\atrxM200.atrx - Benutzer: windows-27o8e3r\philip

2024-10-03 20:23:08 - werkzeugdownloader wird gestartet..

2024-10-03 20:23:10 - werkzeugdownloader wird gestartet..

2024-10-03 20:30:40 - werkzeugdownloader wird gestartet..

2024-10-03 20:31:18 - werkzeugdownloader wird gestartet..

2024-10-03 20:32:12 - werkzeugdownloader wird gestartet..

2024-10-03 20:32:33 - werkzeugdownloader wird gestartet..

2024-10-03 20:32:35 - werkzeugdownloader wird gestartet..

2024-10-03 20:32:51 - werkzeugdownloader wird gestartet..

2024-10-03 20:32:54 - werkzeugdownloader wird gestartet..

2024-10-03 20:32:56 - werkzeugdownloader wird gestartet..

