2023-08-24 20:19:49 - werkzeugdownloader wird gestartet..

2023-08-24 20:19:55 - Datei: G:/Meine Ablage/05 CNC/12 Werkzeugdateien/M200/defM200.tlgx - Benutzer: weber\weber

2023-08-24 20:20:00 - Datei: G:/Meine Ablage/05 CNC/12 Werkzeugdateien/X200/Tooling.atrx - Benutzer: weber\weber

2023-08-24 20:20:05 - Datei: G:/Meine Ablage/05 CNC/12 Werkzeugdateien/X200/ST.tlgx - Benutzer: weber\weber

2023-08-24 20:20:10 - Datei: G:/Meine Ablage/05 CNC/12 Werkzeugdateien/M200/atrxM200.atrx - Benutzer: weber\weber

2023-08-24 20:24:24 - werkzeugdownloader wird gestartet..

2023-08-24 20:24:29 - Datei: G:/Meine Ablage/05 CNC/12 Werkzeugdateien/M200/defM200.tlgx - Benutzer: weber\weber

2023-08-24 20:24:50 - werkzeugdownloader wird gestartet..

2023-08-24 20:31:22 - werkzeugdownloader wird gestartet..

2023-08-25 16:49:53 - werkzeugdownloader wird gestartet..

2023-08-25 16:52:30 - werkzeugdownloader wird gestartet..

2023-08-25 16:53:04 - werkzeugdownloader wird gestartet..

2023-09-05 12:35:57 - werkzeugdownloader wird gestartet..

2023-09-05 12:36:07 - Datei: G:/Meine Ablage/05 CNC/12 Werkzeugdateien/M200/defM200.tlgx - Benutzer: weber\weber

2023-09-05 12:36:15 - Datei: G:/Meine Ablage/05 CNC/12 Werkzeugdateien/M200/atrxM200.atrx - Benutzer: weber\weber

2023-09-05 12:38:47 - werkzeugdownloader wird gestartet..

2023-09-05 12:38:56 - Datei: G:/Meine Ablage/05 CNC/12 Werkzeugdateien/M200/defM200.tlgx - Benutzer: weber\weber

2023-09-05 12:39:04 - Datei: G:/Meine Ablage/05 CNC/12 Werkzeugdateien/M200/atrxM200.atrx - Benutzer: weber\weber

2023-09-05 12:44:00 - werkzeugdownloader wird gestartet..

2023-09-06 16:04:21 - werkzeugdownloader wird gestartet..

2023-09-13 13:50:27 - werkzeugdownloader wird gestartet..

2023-09-14 02:28:19 - werkzeugdownloader wird gestartet..

2023-09-14 02:28:28 - Datei: G:/Meine Ablage/05 CNC/12 Werkzeugdateien/M200/defM200.tlgx - Benutzer: weber\weber

2023-09-15 07:05:11 - werkzeugdownloader wird gestartet..

2023-09-15 07:05:16 - Datei: G:/Meine Ablage/05 CNC/12 Werkzeugdateien/M200/defM200.tlgx - Benutzer: weber\weber

2023-09-17 19:40:26 - werkzeugdownloader wird gestartet..

2023-09-19 22:13:42 - werkzeugdownloader wird gestartet..

2023-09-24 08:38:34 - werkzeugdownloader wird gestartet..

2023-09-28 16:10:25 - werkzeugdownloader wird gestartet..

2023-10-05 07:28:59 - werkzeugdownloader wird gestartet..

2023-10-13 08:44:37 - werkzeugdownloader wird gestartet..

2023-10-13 08:44:43 - Datei: G:/Meine Ablage/05 CNC/12 Werkzeugdateien/M200/defM200.tlgx - Benutzer: weber\weber

2023-10-13 09:03:07 - werkzeugdownloader wird gestartet..

2023-10-13 14:45:42 - werkzeugdownloader wird gestartet..

2023-10-19 12:42:01 - werkzeugdownloader wird gestartet..

2023-10-19 17:36:04 - werkzeugdownloader wird gestartet..

2023-10-29 08:27:19 - werkzeugdownloader wird gestartet..

2023-11-01 08:31:58 - werkzeugdownloader wird gestartet..

2023-11-17 07:01:59 - werkzeugdownloader wird gestartet..

2023-12-08 17:01:03 - werkzeugdownloader wird gestartet..

2023-12-10 15:54:22 - werkzeugdownloader wird gestartet..

2023-12-11 18:15:10 - werkzeugdownloader wird gestartet..

2024-10-04 13:43:57 - werkzeugdownloader wird gestartet..

2024-10-04 13:44:00 - Datei: G:/Meine Ablage/05 CNC/12 Werkzeugdateien/M200/defM200.tlgx - Benutzer: weber\weber

2024-10-04 18:54:34 - werkzeugdownloader wird gestartet..

2024-10-04 18:54:43 - Datei: G:/Meine Ablage/05 CNC/12 Werkzeugdateien/M200/defM200.tlgx - Benutzer: weber\weber

