2023-05-28 02:45:46 - Datei: /Users/philip/Code/werkzeugdateiupdater/downloader/source/M200/test2.atrx - Benutzer: philip

2023-05-28 02:45:46 - Datei: /Users/philip/Code/werkzeugdateiupdater/downloader/source/M200/test1.tlgx - Benutzer: philip

2023-05-28 02:47:14 - Datei: /Users/philip/Code/werkzeugdateiupdater/downloader/source/M200/test1.tlgx - Benutzer: philip

2023-05-28 02:47:14 - Datei: /Users/philip/Code/werkzeugdateiupdater/downloader/source/M200/test2.atrx - Benutzer: philip

2023-05-28 02:48:37 - Datei: /Users/philip/Code/werkzeugdateiupdater/downloader/source/M200/test2.atrx - Benutzer: philip

2023-05-28 02:48:39 - Datei: /Users/philip/Code/werkzeugdateiupdater/downloader/source/M200/test1.tlgx - Benutzer: philip

2023-05-28 12:54:11 - Datei: /Users/philip/Code/werkzeugdateiupdater/downloader/source/M200/atrxM200.atrx - Benutzer: philip

2023-05-28 12:54:22 - Datei: /Users/philip/Code/werkzeugdateiupdater/downloader/source/M200/defM200.tlgx - Benutzer: philip

2023-05-28 13:19:36 - Datei: /Users/philip/Code/werkzeugdateiupdater/downloader/source/M200/atrxM200.atrx - Benutzer: philip

2023-05-28 13:21:11 - Datei: /Users/philip/Code/werkzeugdateiupdater/downloader/source/M200/atrxM200.atrx - Benutzer: philip

2023-05-28 19:41:13 - Datei: /Users/root/Code/werkzeugdateiupdater/downloader/source/M200/defM200.tlgx - Benutzer: win01\root

2023-05-28 19:41:13 - Datei: /Users/root/Code/werkzeugdateiupdater/downloader/source/M200/defM200.tlgx - Benutzer: win01\root

2023-05-28 19:41:13 - Datei: /Users/root/Code/werkzeugdateiupdater/downloader/source/M200/atrxM200.atrx - Benutzer: win01\root

2023-05-28 19:41:13 - Datei: /Users/root/Code/werkzeugdateiupdater/downloader/source/M200/atrxM200.atrx - Benutzer: win01\root

2023-05-28 19:42:10 - Datei: /Users/root/Code/werkzeugdateiupdater/downloader/source/M200/defM200.tlgx - Benutzer: win01\root

2023-05-28 19:42:10 - Datei: /Users/root/Code/werkzeugdateiupdater/downloader/source/M200/defM200.tlgx - Benutzer: win01\root

2023-05-28 19:42:10 - Datei: /Users/root/Code/werkzeugdateiupdater/downloader/source/M200/atrxM200.atrx - Benutzer: win01\root

2023-05-28 19:42:10 - Datei: /Users/root/Code/werkzeugdateiupdater/downloader/source/M200/atrxM200.atrx - Benutzer: win01\root

2023-05-28 19:47:11 - Datei: /Users/root/Code/werkzeugdateiupdater/downloader/source/M200/defM200.tlgx - Benutzer: win01\root

2023-05-28 19:57:46 - Datei: /Users/root/Code/werkzeugdateiupdater/downloader/source/M200/defM200.tlgx - Benutzer: win01\root

2023-05-28 19:58:40 - Datei: /Users/root/Code/werkzeugdateiupdater/downloader/source/M200/defM200.tlgx - Benutzer: win01\root

2023-05-28 19:58:40 - Datei: /Users/root/Code/werkzeugdateiupdater/downloader/source/M200/defM200.tlgx - Benutzer: win01\root

2023-05-28 19:58:41 - Datei: /Users/root/Code/werkzeugdateiupdater/downloader/source/M200/atrxM200.atrx - Benutzer: win01\root

2023-05-28 19:58:41 - Datei: /Users/root/Code/werkzeugdateiupdater/downloader/source/M200/atrxM200.atrx - Benutzer: win01\root

2023-05-28 21:43:30 - Datei: /Users/root/Code/werkzeugdateiupdater/downloader/source/M200/defM200.tlgx - Benutzer: win01\root

2023-05-28 21:43:40 - Datei: /Users/root/Code/werkzeugdateiupdater/downloader/source/M200/defM200.tlgx - Benutzer: win01\root

2023-05-28 21:43:57 - Datei: /Users/root/Code/werkzeugdateiupdater/downloader/source/M200/atrxM200.atrx - Benutzer: win01\root

2023-05-28 21:48:00 - Datei: /Users/root/Code/werkzeugdateiupdater/downloader/source/M200/defM200.tlgx - Benutzer: win01\root

2023-05-28 22:00:48 - Datei: /Users/root/Code/werkzeugdateiupdater/downloader/source/M200/defM200.tlgx - Benutzer: win01\root

2023-05-28 22:03:35 - Datei: /Users/root/Code/werkzeugdateiupdater/downloader/source/M200/defM200.tlgx - Benutzer: win01\root

2023-05-28 22:03:55 - Datei: /Users/root/Code/werkzeugdateiupdater/downloader/source/M200/atrxM200.atrx - Benutzer: win01\root

2023-06-09 19:06:31 - werkzeugdownloader wird gestartet..

2023-06-09 19:06:31 - Datei: /Users/philip/Code/werkzeugdateiupdater/downloader/source/M200/atrxM200.atrx - Benutzer: philip

2023-06-09 19:06:31 - Datei: /Users/philip/Code/werkzeugdateiupdater/downloader/source/M200/defM200.tlgx - Benutzer: philip

2023-06-09 19:06:32 - Datei: /Users/philip/Code/werkzeugdateiupdater/downloader/source/X200/Tooling.atrx - Benutzer: philip

2023-06-09 19:06:32 - Datei: /Users/philip/Code/werkzeugdateiupdater/downloader/source/X200/ST.tlgx - Benutzer: philip

2023-06-09 20:19:17 - werkzeugdownloader wird gestartet..

2023-06-09 20:19:17 - Datei: /Users/philip/Code/werkzeugdateiupdater/downloader/source/M200/atrxM200.atrx - Benutzer: philip

2023-06-09 20:19:17 - Datei: /Users/philip/Code/werkzeugdateiupdater/downloader/source/M200/defM200.tlgx - Benutzer: philip

2023-06-09 20:19:18 - werkzeugdownloader wird gestartet..

2023-06-09 20:19:19 - Datei: /Users/philip/Code/werkzeugdateiupdater/downloader/source/M200/atrxM200.atrx - Benutzer: philip

2023-06-09 20:19:19 - Datei: /Users/philip/Code/werkzeugdateiupdater/downloader/source/M200/defM200.tlgx - Benutzer: philip

2023-06-09 20:19:20 - werkzeugdownloader wird gestartet..

2023-06-09 20:19:20 - Datei: /Users/philip/Code/werkzeugdateiupdater/downloader/source/M200/atrxM200.atrx - Benutzer: philip

2023-06-09 20:19:20 - Datei: /Users/philip/Code/werkzeugdateiupdater/downloader/source/M200/defM200.tlgx - Benutzer: philip

2023-06-09 20:19:21 - werkzeugdownloader wird gestartet..

2023-06-09 20:19:21 - Datei: /Users/philip/Code/werkzeugdateiupdater/downloader/source/M200/atrxM200.atrx - Benutzer: philip

2023-06-09 20:19:21 - Datei: /Users/philip/Code/werkzeugdateiupdater/downloader/source/M200/defM200.tlgx - Benutzer: philip

2023-06-09 20:19:21 - werkzeugdownloader wird gestartet..

2023-06-09 20:19:21 - Datei: /Users/philip/Code/werkzeugdateiupdater/downloader/source/M200/atrxM200.atrx - Benutzer: philip

2023-06-09 20:19:22 - Datei: /Users/philip/Code/werkzeugdateiupdater/downloader/source/M200/defM200.tlgx - Benutzer: philip

2023-06-09 20:19:22 - werkzeugdownloader wird gestartet..

2023-06-09 20:19:22 - Datei: /Users/philip/Code/werkzeugdateiupdater/downloader/source/M200/atrxM200.atrx - Benutzer: philip

2023-06-09 20:19:22 - Datei: /Users/philip/Code/werkzeugdateiupdater/downloader/source/M200/defM200.tlgx - Benutzer: philip

2023-06-09 20:21:40 - werkzeugdownloader wird gestartet..

2023-06-09 20:21:41 - Datei: /Users/philip/Code/werkzeugdateiupdater/downloader/source/M200/atrxM200.atrx - Benutzer: philip

2023-06-09 20:21:41 - Datei: /Users/philip/Code/werkzeugdateiupdater/downloader/source/M200/defM200.tlgx - Benutzer: philip

2023-06-09 20:21:42 - werkzeugdownloader wird gestartet..

2023-06-09 20:21:42 - Datei: /Users/philip/Code/werkzeugdateiupdater/downloader/source/M200/atrxM200.atrx - Benutzer: philip

2023-06-09 20:21:42 - Datei: /Users/philip/Code/werkzeugdateiupdater/downloader/source/M200/defM200.tlgx - Benutzer: philip

2023-06-09 20:21:43 - werkzeugdownloader wird gestartet..

2023-06-09 20:21:43 - Datei: /Users/philip/Code/werkzeugdateiupdater/downloader/source/M200/atrxM200.atrx - Benutzer: philip

2023-06-09 20:21:43 - Datei: /Users/philip/Code/werkzeugdateiupdater/downloader/source/M200/defM200.tlgx - Benutzer: philip

2023-06-09 20:21:43 - werkzeugdownloader wird gestartet..

2023-06-09 20:21:44 - Datei: /Users/philip/Code/werkzeugdateiupdater/downloader/source/M200/atrxM200.atrx - Benutzer: philip

2023-06-09 20:21:44 - Datei: /Users/philip/Code/werkzeugdateiupdater/downloader/source/M200/defM200.tlgx - Benutzer: philip

2023-06-09 20:22:01 - werkzeugdownloader wird gestartet..

2023-06-09 20:22:03 - werkzeugdownloader wird gestartet..

2023-06-09 20:22:04 - werkzeugdownloader wird gestartet..

2023-06-09 20:22:17 - werkzeugdownloader wird gestartet..

2023-06-09 20:22:18 - werkzeugdownloader wird gestartet..

2023-06-09 20:22:34 - werkzeugdownloader wird gestartet..

2023-06-09 20:22:34 - Datei: /Users/philip/Code/werkzeugdateiupdater/downloader/source/M200/atrxM200.atrx - Benutzer: philip

2023-06-09 20:22:35 - Datei: /Users/philip/Code/werkzeugdateiupdater/downloader/source/M200/defM200.tlgx - Benutzer: philip

2023-06-09 20:22:36 - werkzeugdownloader wird gestartet..

2023-06-09 20:22:36 - Datei: /Users/philip/Code/werkzeugdateiupdater/downloader/source/M200/atrxM200.atrx - Benutzer: philip

2023-06-09 20:22:36 - Datei: /Users/philip/Code/werkzeugdateiupdater/downloader/source/M200/defM200.tlgx - Benutzer: philip

2023-06-09 20:22:50 - werkzeugdownloader wird gestartet..

2023-06-09 20:22:50 - Datei: /Users/philip/Code/werkzeugdateiupdater/downloader/source/M200/atrxM200.atrx - Benutzer: philip

2023-06-09 20:22:50 - Datei: /Users/philip/Code/werkzeugdateiupdater/downloader/source/M200/defM200.tlgx - Benutzer: philip

2023-06-09 20:22:50 - Datei: /Users/philip/Code/werkzeugdateiupdater/downloader/source/X200/Tooling.atrx - Benutzer: philip

2023-06-09 20:22:51 - Datei: /Users/philip/Code/werkzeugdateiupdater/downloader/source/X200/ST.tlgx - Benutzer: philip

2023-06-09 20:24:01 - werkzeugdownloader wird gestartet..

2023-06-09 20:24:01 - Datei: /Users/philip/Code/werkzeugdateiupdater/downloader/source/M200/atrxM200.atrx - Benutzer: philip

2023-06-09 20:24:01 - Datei: /Users/philip/Code/werkzeugdateiupdater/downloader/source/M200/defM200.tlgx - Benutzer: philip

2023-06-09 20:24:02 - Datei: /Users/philip/Code/werkzeugdateiupdater/downloader/source/X200/Tooling.atrx - Benutzer: philip

2023-06-09 20:24:02 - Datei: /Users/philip/Code/werkzeugdateiupdater/downloader/source/X200/ST.tlgx - Benutzer: philip

2023-06-09 20:25:38 - werkzeugdownloader wird gestartet..

2023-06-09 20:25:38 - Datei: /Users/philip/Code/werkzeugdateiupdater/downloader/source/M200/atrxM200.atrx - Benutzer: philip

2023-06-09 20:25:38 - Datei: /Users/philip/Code/werkzeugdateiupdater/downloader/source/M200/defM200.tlgx - Benutzer: philip

2023-06-09 20:25:54 - werkzeugdownloader wird gestartet..

2023-06-09 20:25:54 - Datei: /Users/philip/Code/werkzeugdateiupdater/downloader/source/M200/atrxM200.atrx - Benutzer: philip

2023-06-09 20:25:54 - Datei: /Users/philip/Code/werkzeugdateiupdater/downloader/source/M200/defM200.tlgx - Benutzer: philip

2023-06-09 20:27:35 - werkzeugdownloader wird gestartet..

2023-06-09 20:27:35 - Datei: /Users/philip/Code/werkzeugdateiupdater/downloader/source/M200/atrxM200.atrx - Benutzer: philip

2023-06-09 20:27:35 - Datei: /Users/philip/Code/werkzeugdateiupdater/downloader/source/M200/defM200.tlgx - Benutzer: philip

2023-06-09 20:27:55 - werkzeugdownloader wird gestartet..

2023-06-09 20:27:56 - werkzeugdownloader wird gestartet..

2023-06-09 20:28:02 - werkzeugdownloader wird gestartet..

2023-06-09 20:28:03 - Datei: /Users/philip/Code/werkzeugdateiupdater/downloader/source/M200/atrxM200.atrx - Benutzer: philip

